{"/Users/bobby/Documents/private/create-node-library/src/cli/cli.ts": {"path":"/Users/bobby/Documents/private/create-node-library/src/cli/cli.ts","statementMap":{"0":{"start":{"line":1,"column":0},"end":{"line":1,"column":43}},"1":{"start":{"line":2,"column":0},"end":{"line":2,"column":81}},"2":{"start":{"line":3,"column":0},"end":{"line":3,"column":79}},"3":{"start":{"line":5,"column":13},"end":{"line":9,"column":2}},"4":{"start":{"line":6,"column":8},"end":{"line":6,"column":54}},"5":{"start":{"line":7,"column":18},"end":{"line":7,"column":null}},"6":{"start":{"line":7,"column":8},"end":{"line":7,"column":null}},"7":{"start":{"line":8,"column":2},"end":{"line":8,"column":31}}},"fnMap":{},"branchMap":{},"s":{"0":0,"1":0,"2":0,"3":0,"4":0,"5":0,"6":0,"7":0},"f":{},"b":{}}
,"/Users/bobby/Documents/private/create-node-library/src/cli/arguments/arguments-specification.ts": {"path":"/Users/bobby/Documents/private/create-node-library/src/cli/arguments/arguments-specification.ts","statementMap":{"0":{"start":{"line":1,"column":13},"end":{"line":8,"column":2}}},"fnMap":{},"branchMap":{},"s":{"0":0},"f":{},"b":{}}
,"/Users/bobby/Documents/private/create-node-library/src/cli/arguments/map-arguments-to-options.ts": {"path":"/Users/bobby/Documents/private/create-node-library/src/cli/arguments/map-arguments-to-options.ts","statementMap":{"0":{"start":{"line":1,"column":13},"end":{"line":7,"column":3}},"1":{"start":{"line":1,"column":45},"end":{"line":7,"column":3}}},"fnMap":{"0":{"name":"(anonymous_0)","decl":{"start":{"line":1,"column":37},"end":{"line":1,"column":41}},"loc":{"start":{"line":1,"column":41},"end":{"line":1,"column":46}}}},"branchMap":{"0":{"loc":{"start":{"line":2,"column":15},"end":{"line":2,"column":28}},"type":"binary-expr","locations":[{"start":{"line":2,"column":15},"end":{"line":2,"column":28}},{"start":{"line":2,"column":32},"end":{"line":2,"column":37}}]},"1":{"loc":{"start":{"line":3,"column":7},"end":{"line":3,"column":20}},"type":"binary-expr","locations":[{"start":{"line":3,"column":7},"end":{"line":3,"column":20}},{"start":{"line":3,"column":24},"end":{"line":3,"column":29}}]},"2":{"loc":{"start":{"line":4,"column":14},"end":{"line":4,"column":31}},"type":"binary-expr","locations":[{"start":{"line":4,"column":14},"end":{"line":4,"column":31}},{"start":{"line":4,"column":35},"end":{"line":4,"column":40}}]}},"s":{"0":0,"1":0},"f":{"0":0},"b":{"0":[0,0],"1":[0,0],"2":[0,0]}}
,"/Users/bobby/Documents/private/create-node-library/src/cli/arguments/parse-arguments-to-options.ts": {"path":"/Users/bobby/Documents/private/create-node-library/src/cli/arguments/parse-arguments-to-options.ts","statementMap":{"0":{"start":{"line":1,"column":0},"end":{"line":1,"column":22}},"1":{"start":{"line":3,"column":0},"end":{"line":3,"column":67}},"2":{"start":{"line":4,"column":0},"end":{"line":4,"column":67}},"3":{"start":{"line":6,"column":13},"end":{"line":10,"column":2}},"4":{"start":{"line":7,"column":26},"end":{"line":7,"column":78}},"5":{"start":{"line":9,"column":2},"end":{"line":9,"column":48}}},"fnMap":{"0":{"name":"(anonymous_1)","decl":{"start":{"line":6,"column":39},"end":{"line":6,"column":40}},"loc":{"start":{"line":6,"column":44},"end":{"line":10,"column":1}}}},"branchMap":{},"s":{"0":0,"1":0,"2":0,"3":0,"4":0,"5":0},"f":{"0":0},"b":{}}
,"/Users/bobby/Documents/private/create-node-library/src/cli/options/get-default-options.ts": {"path":"/Users/bobby/Documents/private/create-node-library/src/cli/options/get-default-options.ts","statementMap":{"0":{"start":{"line":1,"column":0},"end":{"line":1,"column":36}},"1":{"start":{"line":3,"column":13},"end":{"line":8,"column":2}},"2":{"start":{"line":4,"column":25},"end":{"line":4,"column":27}},"3":{"start":{"line":5,"column":2},"end":{"line":5,"column":79}},"4":{"start":{"line":5,"column":28},"end":{"line":5,"column":78}},"5":{"start":{"line":7,"column":2},"end":{"line":7,"column":24}}},"fnMap":{"0":{"name":"(anonymous_0)","decl":{"start":{"line":3,"column":33},"end":{"line":3,"column":null}},"loc":{"start":{"line":3,"column":33},"end":{"line":8,"column":1}}},"1":{"name":"(anonymous_1)","decl":{"start":{"line":5,"column":18},"end":{"line":5,"column":24}},"loc":{"start":{"line":5,"column":24},"end":{"line":5,"column":42}}}},"branchMap":{},"s":{"0":0,"1":0,"2":0,"3":0,"4":0,"5":0},"f":{"0":0,"1":0},"b":{}}
,"/Users/bobby/Documents/private/create-node-library/src/cli/options/get-inquirer-questions.ts": {"path":"/Users/bobby/Documents/private/create-node-library/src/cli/options/get-inquirer-questions.ts","statementMap":{"0":{"start":{"line":1,"column":0},"end":{"line":1,"column":36}},"1":{"start":{"line":3,"column":13},"end":{"line":13,"column":2}},"2":{"start":{"line":4,"column":2},"end":{"line":12,"column":8}},"3":{"start":{"line":5,"column":15},"end":{"line":5,"column":19}},"4":{"start":{"line":5,"column":26},"end":{"line":5,"column":49}},"5":{"start":{"line":6,"column":12},"end":{"line":6,"column":16}},"6":{"start":{"line":6,"column":18},"end":{"line":6,"column":22}},"7":{"start":{"line":6,"column":24},"end":{"line":6,"column":31}},"8":{"start":{"line":6,"column":33},"end":{"line":6,"column":40}},"9":{"start":{"line":6,"column":42},"end":{"line":6,"column":54}},"10":{"start":{"line":6,"column":61},"end":{"line":12,"column":7}}},"fnMap":{"0":{"name":"(anonymous_0)","decl":{"start":{"line":3,"column":36},"end":{"line":3,"column":37}},"loc":{"start":{"line":3,"column":52},"end":{"line":13,"column":1}}},"1":{"name":"(anonymous_1)","decl":{"start":{"line":5,"column":12},"end":{"line":5,"column":13}},"loc":{"start":{"line":5,"column":21},"end":{"line":5,"column":27}}},"2":{"name":"(anonymous_2)","decl":{"start":{"line":6,"column":9},"end":{"line":6,"column":10}},"loc":{"start":{"line":6,"column":56},"end":{"line":6,"column":62}}}},"branchMap":{},"s":{"0":0,"1":0,"2":0,"3":0,"4":0,"5":0,"6":0,"7":0,"8":0,"9":0,"10":0},"f":{"0":0,"1":0,"2":0},"b":{}}
,"/Users/bobby/Documents/private/create-node-library/src/cli/options/options.ts": {"path":"/Users/bobby/Documents/private/create-node-library/src/cli/options/options.ts","statementMap":{"0":{"start":{"line":1,"column":13},"end":{"line":15,"column":2}}},"fnMap":{},"branchMap":{},"s":{"0":0},"f":{},"b":{}}
,"/Users/bobby/Documents/private/create-node-library/src/cli/options/prompt-for-missing-options.ts": {"path":"/Users/bobby/Documents/private/create-node-library/src/cli/options/prompt-for-missing-options.ts","statementMap":{"0":{"start":{"line":1,"column":0},"end":{"line":1,"column":32}},"1":{"start":{"line":3,"column":0},"end":{"line":3,"column":53}},"2":{"start":{"line":4,"column":0},"end":{"line":4,"column":58}},"3":{"start":{"line":5,"column":0},"end":{"line":5,"column":64}},"4":{"start":{"line":6,"column":0},"end":{"line":6,"column":36}},"5":{"start":{"line":8,"column":13},"end":{"line":17,"column":2}},"6":{"start":{"line":10,"column":4},"end":{"line":10,"column":63}},"7":{"start":{"line":13,"column":8},"end":{"line":13,"column":58}},"8":{"start":{"line":14,"column":18},"end":{"line":14,"column":null}},"9":{"start":{"line":14,"column":8},"end":{"line":14,"column":null}},"10":{"start":{"line":16,"column":2},"end":{"line":16,"column":41}}},"fnMap":{},"branchMap":{},"s":{"0":0,"1":0,"2":0,"3":0,"4":0,"5":0,"6":0,"7":0,"8":0,"9":0,"10":0},"f":{},"b":{}}
,"/Users/bobby/Documents/private/create-node-library/src/helpers/is-object.ts": {"path":"/Users/bobby/Documents/private/create-node-library/src/helpers/is-object.ts","statementMap":{"0":{"start":{"line":1,"column":13},"end":{"line":1,"column":110}},"1":{"start":{"line":1,"column":48},"end":{"line":1,"column":110}}},"fnMap":{"0":{"name":"(anonymous_0)","decl":{"start":{"line":1,"column":24},"end":{"line":1,"column":25}},"loc":{"start":{"line":1,"column":34},"end":{"line":1,"column":49}}}},"branchMap":{"0":{"loc":{"start":{"line":1,"column":49},"end":{"line":1,"column":54}},"type":"binary-expr","locations":[{"start":{"line":1,"column":49},"end":{"line":1,"column":54}},{"start":{"line":1,"column":58},"end":{"line":1,"column":83}},{"start":{"line":1,"column":87},"end":{"line":1,"column":108}}]}},"s":{"0":1,"1":73},"f":{"0":73},"b":{"0":[73,68,48]}}
,"/Users/bobby/Documents/private/create-node-library/src/helpers/merge-deep.ts": {"path":"/Users/bobby/Documents/private/create-node-library/src/helpers/merge-deep.ts","statementMap":{"0":{"start":{"line":1,"column":0},"end":{"line":1,"column":39}},"1":{"start":{"line":8,"column":13},"end":{"line":30,"column":2}},"2":{"start":{"line":8,"column":34},"end":{"line":8,"column":44}},"3":{"start":{"line":10,"column":4},"end":{"line":10,"column":18}},"4":{"start":{"line":13,"column":17},"end":{"line":13,"column":32}},"5":{"start":{"line":19,"column":10},"end":{"line":19,"column":47}},"6":{"start":{"line":22,"column":8},"end":{"line":22,"column":44}},"7":{"start":{"line":24,"column":8},"end":{"line":24,"column":54}},"8":{"start":{"line":29,"column":2},"end":{"line":29,"column":39}}},"fnMap":{"0":{"name":"(anonymous_0)","decl":{"start":{"line":8,"column":25},"end":{"line":8,"column":26}},"loc":{"start":{"line":8,"column":32},"end":{"line":30,"column":1}}}},"branchMap":{"0":{"loc":{"start":{"line":15,"column":6},"end":{"line":15,"column":22}},"type":"binary-expr","locations":[{"start":{"line":15,"column":6},"end":{"line":15,"column":22}},{"start":{"line":15,"column":26},"end":{"line":15,"column":42}}]}},"s":{"0":1,"1":1,"2":107,"3":15,"4":23,"5":5,"6":7,"7":20,"8":23},"f":{"0":38},"b":{"0":[23,23]}}
,"/Users/bobby/Documents/private/create-node-library/src/project/check-directories.ts": {"path":"/Users/bobby/Documents/private/create-node-library/src/project/check-directories.ts","statementMap":{"0":{"start":{"line":1,"column":0},"end":{"line":1,"column":26}},"1":{"start":{"line":2,"column":0},"end":{"line":2,"column":20}},"2":{"start":{"line":3,"column":0},"end":{"line":3,"column":33}},"3":{"start":{"line":5,"column":15},"end":{"line":5,"column":35}},"4":{"start":{"line":7,"column":13},"end":{"line":20,"column":2}},"5":{"start":{"line":9,"column":4},"end":{"line":9,"column":72}},"6":{"start":{"line":11,"column":4},"end":{"line":11,"column":53}},"7":{"start":{"line":15,"column":4},"end":{"line":15,"column":72}},"8":{"start":{"line":17,"column":4},"end":{"line":17,"column":71}},"9":{"start":{"line":18,"column":4},"end":{"line":18,"column":20}}},"fnMap":{},"branchMap":{},"s":{"0":0,"1":0,"2":0,"3":0,"4":0,"5":0,"6":0,"7":0,"8":0,"9":0},"f":{},"b":{}}
,"/Users/bobby/Documents/private/create-node-library/src/project/copy-template-files.ts": {"path":"/Users/bobby/Documents/private/create-node-library/src/project/copy-template-files.ts","statementMap":{"0":{"start":{"line":1,"column":0},"end":{"line":1,"column":22}},"1":{"start":{"line":2,"column":0},"end":{"line":2,"column":33}},"2":{"start":{"line":4,"column":13},"end":{"line":4,"column":27}},"3":{"start":{"line":6,"column":13},"end":{"line":6,"column":127}},"4":{"start":{"line":6,"column":50},"end":{"line":6,"column":127}}},"fnMap":{},"branchMap":{},"s":{"0":0,"1":0,"2":0,"3":0,"4":0},"f":{},"b":{}}
,"/Users/bobby/Documents/private/create-node-library/src/project/create-project.ts": {"path":"/Users/bobby/Documents/private/create-node-library/src/project/create-project.ts","statementMap":{"0":{"start":{"line":1,"column":0},"end":{"line":1,"column":26}},"1":{"start":{"line":2,"column":0},"end":{"line":2,"column":26}},"2":{"start":{"line":4,"column":0},"end":{"line":4,"column":55}},"3":{"start":{"line":5,"column":0},"end":{"line":5,"column":62}},"4":{"start":{"line":6,"column":0},"end":{"line":6,"column":50}},"5":{"start":{"line":8,"column":13},"end":{"line":20,"column":2}},"6":{"start":{"line":9,"column":8},"end":{"line":9,"column":56}},"7":{"start":{"line":10,"column":2},"end":{"line":10,"column":43}},"8":{"start":{"line":12,"column":8},"end":{"line":12,"column":57}},"9":{"start":{"line":13,"column":8},"end":{"line":13,"column":33}},"10":{"start":{"line":15,"column":2},"end":{"line":15,"column":20}},"11":{"start":{"line":17,"column":2},"end":{"line":17,"column":78}},"12":{"start":{"line":19,"column":2},"end":{"line":19,"column":14}}},"fnMap":{},"branchMap":{},"s":{"0":0,"1":0,"2":0,"3":0,"4":0,"5":0,"6":0,"7":0,"8":0,"9":0,"10":0,"11":0,"12":0},"f":{},"b":{}}
,"/Users/bobby/Documents/private/create-node-library/src/project/get-directory-options.ts": {"path":"/Users/bobby/Documents/private/create-node-library/src/project/get-directory-options.ts","statementMap":{"0":{"start":{"line":1,"column":0},"end":{"line":1,"column":24}},"1":{"start":{"line":3,"column":13},"end":{"line":10,"column":2}},"2":{"start":{"line":4,"column":28},"end":{"line":4,"column":99}},"3":{"start":{"line":6,"column":21},"end":{"line":6,"column":61}},"4":{"start":{"line":7,"column":26},"end":{"line":7,"column":71}},"5":{"start":{"line":9,"column":2},"end":{"line":9,"column":48}}},"fnMap":{"0":{"name":"(anonymous_1)","decl":{"start":{"line":3,"column":35},"end":{"line":3,"column":42}},"loc":{"start":{"line":3,"column":42},"end":{"line":10,"column":1}}}},"branchMap":{"0":{"loc":{"start":{"line":6,"column":21},"end":{"line":6,"column":44}},"type":"binary-expr","locations":[{"start":{"line":6,"column":21},"end":{"line":6,"column":44}},{"start":{"line":6,"column":48},"end":{"line":6,"column":61}}]}},"s":{"0":0,"1":0,"2":0,"3":0,"4":0,"5":0},"f":{"0":0},"b":{"0":[0,0]}}
,"/Users/bobby/Documents/private/create-node-library/src/project/get-listr-tasks.ts": {"path":"/Users/bobby/Documents/private/create-node-library/src/project/get-listr-tasks.ts","statementMap":{"0":{"start":{"line":1,"column":0},"end":{"line":1,"column":45}},"1":{"start":{"line":3,"column":0},"end":{"line":3,"column":58}},"2":{"start":{"line":4,"column":0},"end":{"line":4,"column":37}},"3":{"start":{"line":6,"column":13},"end":{"line":21,"column":3}},"4":{"start":{"line":6,"column":60},"end":{"line":21,"column":3}},"5":{"start":{"line":9,"column":16},"end":{"line":9,"column":null}},"6":{"start":{"line":13,"column":16},"end":{"line":13,"column":null}},"7":{"start":{"line":14,"column":19},"end":{"line":14,"column":null}},"8":{"start":{"line":18,"column":16},"end":{"line":18,"column":null}},"9":{"start":{"line":19,"column":16},"end":{"line":19,"column":null}}},"fnMap":{"0":{"name":"(anonymous_0)","decl":{"start":{"line":6,"column":29},"end":{"line":6,"column":30}},"loc":{"start":{"line":6,"column":55},"end":{"line":6,"column":61}}},"1":{"name":"(anonymous_1)","decl":{"start":{"line":9,"column":10},"end":{"line":9,"column":16}},"loc":{"start":{"line":9,"column":10},"end":{"line":9,"column":33}}},"2":{"name":"(anonymous_2)","decl":{"start":{"line":13,"column":10},"end":{"line":13,"column":16}},"loc":{"start":{"line":13,"column":10},"end":{"line":13,"column":23}}},"3":{"name":"(anonymous_3)","decl":{"start":{"line":14,"column":13},"end":{"line":14,"column":19}},"loc":{"start":{"line":14,"column":13},"end":{"line":14,"column":26}}},"4":{"name":"(anonymous_4)","decl":{"start":{"line":18,"column":10},"end":{"line":18,"column":16}},"loc":{"start":{"line":18,"column":10},"end":{"line":18,"column":30}}},"5":{"name":"(anonymous_5)","decl":{"start":{"line":19,"column":10},"end":{"line":19,"column":16}},"loc":{"start":{"line":19,"column":10},"end":{"line":19,"column":17}}}},"branchMap":{"0":{"loc":{"start":{"line":19,"column":38},"end":{"line":19,"column":92}},"type":"cond-expr","locations":[{"start":{"line":19,"column":38},"end":{"line":19,"column":92}},{"start":{"line":19,"column":95},"end":{"line":19,"column":104}}]}},"s":{"0":0,"1":0,"2":0,"3":0,"4":0,"5":0,"6":0,"7":0,"8":0,"9":0},"f":{"0":0,"1":0,"2":0,"3":0,"4":0,"5":0},"b":{"0":[0,0]}}
,"/Users/bobby/Documents/private/create-node-library/src/project/init-git.ts": {"path":"/Users/bobby/Documents/private/create-node-library/src/project/init-git.ts","statementMap":{"0":{"start":{"line":1,"column":0},"end":{"line":1,"column":26}},"1":{"start":{"line":3,"column":13},"end":{"line":9,"column":2}},"2":{"start":{"line":4,"column":19},"end":{"line":4,"column":null}},"3":{"start":{"line":4,"column":8},"end":{"line":4,"column":null}},"4":{"start":{"line":7,"column":4},"end":{"line":7,"column":65}}},"fnMap":{},"branchMap":{},"s":{"0":0,"1":0,"2":0,"3":0,"4":0},"f":{},"b":{}}
}
